
ioman_IMPORTS_start
I_open
I_write
I_close
ioman_IMPORTS_end

sifcmd_IMPORTS_start
I_sceSifInitRpc
I_sceSifRegisterRpc
I_sceSifSetRpcQueue
I_sceSifRpcLoop
sifcmd_IMPORTS_end

sifman_IMPORTS_start
I_sceSifInit 
I_sceSifSetDma 
I_sceSifDmaStat 
I_sceSifCheckInit
sifman_IMPORTS_end

sysclib_IMPORTS_start
I_memcpy
I_memset
I_sprintf
I_strlen
I_strncpy
I_strncmp
sysclib_IMPORTS_end

thbase_IMPORTS_start
I_CreateThread
I_StartThread
I_GetThreadId
thbase_IMPORTS_end

thsemap_IMPORTS_start
I_CreateSema
I_SignalSema
I_WaitSema
I_DeleteSema
thsemap_IMPORTS_end

stdio_IMPORTS_start
I_printf
stdio_IMPORTS_end
