d:\msys\1.0\local\ps2dev\core_launcherv2\ntpbclient_win32\lcc\__check_ntpbclient_win32.c:
Warning lcc\__check_ntpbclient_win32.c: 144   cSpaceInBetween is assigned a value that is never used
Warning lcc\__check_ntpbclient_win32.c: 227  global patchaddr (d:\msys\1.0\local\ps2dev\core_launcherv2\ntpbclient_win32\lcc\__check_ntpbclient_win32.c:130) shadowed
Warning lcc\__check_ntpbclient_win32.c: 227  global patchval (d:\msys\1.0\local\ps2dev\core_launcherv2\ntpbclient_win32\lcc\__check_ntpbclient_win32.c:130) shadowed
Warning lcc\__check_ntpbclient_win32.c: 273   rcvDataThid is assigned a value that is never used
Warning lcc\__check_ntpbclient_win32.c: 306   rcvDataThid is assigned a value that is never used
Warning lcc\__check_ntpbclient_win32.c: 339   rcvDataThid is assigned a value that is never used
Warning lcc\__check_ntpbclient_win32.c: 372   rcvDataThid is assigned a value that is never used
Warning lcc\__check_ntpbclient_win32.c: 384   rcvDataThid is assigned a value that is never used
Warning lcc\__check_ntpbclient_win32.c: 392   rcvDataThid is assigned a value that is never used
Warning lcc\__check_ntpbclient_win32.c: 450   rcvDataThid is assigned a value that is never used
Warning lcc\__check_ntpbclient_win32.c: 470   rcvDataThid is assigned a value that is never used
Warning lcc\__check_ntpbclient_win32.c: 619  global WsaData (d:\msys\1.0\local\ps2dev\core_launcherv2\ntpbclient_win32\lcc\__check_ntpbclient_win32.c:118) shadowed
Warning lcc\__check_ntpbclient_win32.c: 740  Comparison of signed with unsigned integer
Warning lcc\__check_ntpbclient_win32.c: 717  local 'int retval' is not referenced
Warning lcc\__check_ntpbclient_win32.c: 717  local 'int r' is not referenced
Warning lcc\__check_ntpbclient_win32.c: 763  local 'array 128 of char tmp_file' is not referenced
Warning lcc\__check_ntpbclient_win32.c: 763  local 'array 128 of char tmp' is not referenced
Warning lcc\__check_ntpbclient_win32.c: 763  local 'array 128 of char endbuf' is not referenced
Warning lcc\__check_ntpbclient_win32.c: 763  local 'array 128 of char startbuf' is not referenced
Warning lcc\__check_ntpbclient_win32.c: 761  local 'int ln' is not referenced
Warning lcc\__check_ntpbclient_win32.c: 897  local 'array 65536 of char recvbuffer' is not referenced
Warning lcc\__check_ntpbclient_win32.c: 1397   netlogThid is assigned a value that is never used
