
ps2ip_IMPORTS_start
I_lwip_recv
I_lwip_send
I_lwip_close
I_lwip_socket
I_lwip_bind
I_lwip_accept
I_lwip_listen
I_lwip_connect
I_lwip_select
I_lwip_ioctl
I_inet_addr
ps2ip_IMPORTS_end

intrman_IMPORTS_start
I_CpuEnableIntr
I_CpuSuspendIntr
I_CpuResumeIntr
I_QueryIntrContext
intrman_IMPORTS_end

sifcmd_IMPORTS_start
I_sceSifInitRpc
I_sceSifRegisterRpc
I_sceSifSetRpcQueue
I_sceSifRpcLoop
I_sceSifGetOtherData
I_sceSifSendCmd
sifcmd_IMPORTS_end

sifman_IMPORTS_start
I_sceSifInit 
I_sceSifSetDma 
I_sceSifDmaStat 
I_sceSifCheckInit
sifman_IMPORTS_end

sysclib_IMPORTS_start
I_memcpy
I_memset
I_sprintf
I_strcat
I_strcmp
I_strncmp
I_strcpy
I_strlen
I_memcmp
sysclib_IMPORTS_end

sysmem_IMPORTS_start
I_AllocSysMemory
I_FreeSysMemory
sysmem_IMPORTS_end

thbase_IMPORTS_start
I_CreateThread
I_StartThread
I_GetThreadId
I_SleepThread
I_DelayThread
I_SetAlarm
I_USec2SysClock
thbase_IMPORTS_end

thevent_IMPORTS_start
I_CreateEventFlag
I_SetEventFlag
I_ClearEventFlag
thevent_IMPORTS_end

thsemap_IMPORTS_start
I_CreateSema
I_SignalSema
I_iSignalSema
I_WaitSema
I_PollSema
thsemap_IMPORTS_end

stdio_IMPORTS_start
I_printf
stdio_IMPORTS_end
